2018-12-08 16:11:02.775 [info] <0.42.0> Application lager started on node nonode@nohost
2018-12-08 16:11:02.785 [info] <0.42.0> Application xmerl started on node nonode@nohost
2018-12-08 16:11:02.790 [info] <0.42.0> Application jsx started on node nonode@nohost
2018-12-08 16:11:02.797 [info] <0.42.0> Application ranch started on node nonode@nohost
2018-12-08 16:11:02.800 [info] <0.42.0> Application ranch_proxy_protocol started on node nonode@nohost
2018-12-08 16:11:02.803 [info] <0.42.0> Application recon started on node nonode@nohost
2018-12-08 16:11:02.803 [info] <0.42.0> Application rabbit_common started on node nonode@nohost
2018-12-08 16:11:02.812 [info] <0.42.0> Application amqp_client started on node nonode@nohost
2018-12-08 16:11:02.812 [info] <0.42.0> Application amqp started on node nonode@nohost
2018-12-08 16:11:02.813 [info] <0.42.0> Application controllstation started on node nonode@nohost
2018-12-08 16:39:12.280 [info] <0.42.0> Application lager started on node nonode@nohost
2018-12-08 16:39:12.296 [info] <0.42.0> Application xmerl started on node nonode@nohost
2018-12-08 16:39:12.302 [info] <0.42.0> Application jsx started on node nonode@nohost
2018-12-08 16:39:12.310 [info] <0.42.0> Application ranch started on node nonode@nohost
2018-12-08 16:39:12.313 [info] <0.42.0> Application ranch_proxy_protocol started on node nonode@nohost
2018-12-08 16:39:12.316 [info] <0.42.0> Application recon started on node nonode@nohost
2018-12-08 16:39:12.316 [info] <0.42.0> Application rabbit_common started on node nonode@nohost
2018-12-08 16:39:12.327 [info] <0.42.0> Application amqp_client started on node nonode@nohost
2018-12-08 16:39:12.327 [info] <0.42.0> Application amqp started on node nonode@nohost
2018-12-08 16:39:12.327 [info] <0.42.0> Application controllstation started on node nonode@nohost
2018-12-09 09:44:45.491 [info] <0.42.0> Application lager started on node nonode@nohost
2018-12-09 09:44:45.498 [info] <0.42.0> Application xmerl started on node nonode@nohost
2018-12-09 09:44:45.502 [info] <0.42.0> Application jsx started on node nonode@nohost
2018-12-09 09:44:45.507 [info] <0.42.0> Application ranch started on node nonode@nohost
2018-12-09 09:44:45.509 [info] <0.42.0> Application ranch_proxy_protocol started on node nonode@nohost
2018-12-09 09:44:45.511 [info] <0.42.0> Application recon started on node nonode@nohost
2018-12-09 09:44:45.511 [info] <0.42.0> Application rabbit_common started on node nonode@nohost
2018-12-09 09:44:45.516 [info] <0.42.0> Application amqp_client started on node nonode@nohost
2018-12-09 09:44:45.517 [info] <0.42.0> Application amqp started on node nonode@nohost
2018-12-09 09:44:45.521 [info] <0.42.0> Application connection started on node nonode@nohost
2018-12-09 09:44:45.528 [info] <0.42.0> Application db_connection started on node nonode@nohost
2018-12-09 09:44:45.542 [info] <0.42.0> Application mongodb started on node nonode@nohost
2018-12-09 09:44:45.544 [info] <0.42.0> Application poolboy started on node nonode@nohost
2018-12-09 09:44:45.545 [info] <0.42.0> Application controllstation started on node nonode@nohost
2018-12-09 09:47:25.761 [info] <0.42.0> Application lager started on node nonode@nohost
2018-12-09 09:47:25.768 [info] <0.42.0> Application xmerl started on node nonode@nohost
2018-12-09 09:47:25.771 [info] <0.42.0> Application jsx started on node nonode@nohost
2018-12-09 09:47:25.776 [info] <0.42.0> Application ranch started on node nonode@nohost
2018-12-09 09:47:25.778 [info] <0.42.0> Application ranch_proxy_protocol started on node nonode@nohost
2018-12-09 09:47:25.781 [info] <0.42.0> Application recon started on node nonode@nohost
2018-12-09 09:47:25.781 [info] <0.42.0> Application rabbit_common started on node nonode@nohost
2018-12-09 09:47:25.786 [info] <0.42.0> Application amqp_client started on node nonode@nohost
2018-12-09 09:47:25.786 [info] <0.42.0> Application amqp started on node nonode@nohost
2018-12-09 09:47:25.790 [info] <0.42.0> Application connection started on node nonode@nohost
2018-12-09 09:47:25.798 [info] <0.42.0> Application db_connection started on node nonode@nohost
2018-12-09 09:47:25.821 [info] <0.42.0> Application mongodb started on node nonode@nohost
2018-12-09 09:47:25.824 [info] <0.42.0> Application poolboy started on node nonode@nohost
2018-12-09 09:47:25.824 [info] <0.42.0> Application controllstation started on node nonode@nohost
2018-12-09 09:50:34.901 [info] <0.42.0> Application lager started on node nonode@nohost
2018-12-09 09:50:34.908 [info] <0.42.0> Application xmerl started on node nonode@nohost
2018-12-09 09:50:34.911 [info] <0.42.0> Application jsx started on node nonode@nohost
2018-12-09 09:50:34.916 [info] <0.42.0> Application ranch started on node nonode@nohost
2018-12-09 09:50:34.918 [info] <0.42.0> Application ranch_proxy_protocol started on node nonode@nohost
2018-12-09 09:50:34.920 [info] <0.42.0> Application recon started on node nonode@nohost
2018-12-09 09:50:34.920 [info] <0.42.0> Application rabbit_common started on node nonode@nohost
2018-12-09 09:50:34.925 [info] <0.42.0> Application amqp_client started on node nonode@nohost
2018-12-09 09:50:34.925 [info] <0.42.0> Application amqp started on node nonode@nohost
2018-12-09 09:50:34.930 [info] <0.42.0> Application connection started on node nonode@nohost
2018-12-09 09:50:34.938 [info] <0.42.0> Application db_connection started on node nonode@nohost
2018-12-09 09:50:34.961 [info] <0.42.0> Application mongodb started on node nonode@nohost
2018-12-09 09:50:34.964 [info] <0.42.0> Application poolboy started on node nonode@nohost
2018-12-09 09:50:34.964 [info] <0.42.0> Application controllstation started on node nonode@nohost
2018-12-09 09:52:00.392 [info] <0.42.0> Application lager started on node nonode@nohost
2018-12-09 09:52:00.398 [info] <0.42.0> Application xmerl started on node nonode@nohost
2018-12-09 09:52:00.402 [info] <0.42.0> Application jsx started on node nonode@nohost
2018-12-09 09:52:00.406 [info] <0.42.0> Application ranch started on node nonode@nohost
2018-12-09 09:52:00.408 [info] <0.42.0> Application ranch_proxy_protocol started on node nonode@nohost
2018-12-09 09:52:00.411 [info] <0.42.0> Application recon started on node nonode@nohost
2018-12-09 09:52:00.411 [info] <0.42.0> Application rabbit_common started on node nonode@nohost
2018-12-09 09:52:00.416 [info] <0.42.0> Application amqp_client started on node nonode@nohost
2018-12-09 09:52:00.416 [info] <0.42.0> Application amqp started on node nonode@nohost
2018-12-09 09:52:00.420 [info] <0.42.0> Application connection started on node nonode@nohost
2018-12-09 09:52:00.428 [info] <0.42.0> Application db_connection started on node nonode@nohost
2018-12-09 09:52:00.441 [info] <0.42.0> Application mongodb started on node nonode@nohost
2018-12-09 09:52:00.444 [info] <0.42.0> Application poolboy started on node nonode@nohost
2018-12-09 09:52:00.444 [info] <0.42.0> Application controllstation started on node nonode@nohost
2018-12-09 09:55:17.141 [info] <0.42.0> Application lager started on node nonode@nohost
2018-12-09 09:55:17.149 [info] <0.42.0> Application xmerl started on node nonode@nohost
2018-12-09 09:55:17.152 [info] <0.42.0> Application jsx started on node nonode@nohost
2018-12-09 09:55:17.158 [info] <0.42.0> Application ranch started on node nonode@nohost
2018-12-09 09:55:17.160 [info] <0.42.0> Application ranch_proxy_protocol started on node nonode@nohost
2018-12-09 09:55:17.162 [info] <0.42.0> Application recon started on node nonode@nohost
2018-12-09 09:55:17.163 [info] <0.42.0> Application rabbit_common started on node nonode@nohost
2018-12-09 09:55:17.168 [info] <0.42.0> Application amqp_client started on node nonode@nohost
2018-12-09 09:55:17.169 [info] <0.42.0> Application amqp started on node nonode@nohost
2018-12-09 09:55:17.173 [info] <0.42.0> Application connection started on node nonode@nohost
2018-12-09 09:55:17.182 [info] <0.42.0> Application db_connection started on node nonode@nohost
2018-12-09 09:55:17.196 [info] <0.42.0> Application mongodb started on node nonode@nohost
2018-12-09 09:55:17.198 [info] <0.42.0> Application poolboy started on node nonode@nohost
2018-12-09 09:55:17.198 [info] <0.42.0> Application controllstation started on node nonode@nohost
